Info: Start Nativelink Simulation process

========= EDA Simulation Settings =====================

Sim Mode              :  Gate
Family                :  max10
Quartus root          :  c:/intelfpga_lite/18.1/quartus/bin64/
Quartus sim root      :  c:/intelfpga_lite/18.1/quartus/eda/sim_lib
Simulation Tool       :  modelsim-altera
Simulation Language   :  verilog
Simulation Mode       :  GUI
Sim Output File       :  ex1.vo
Sim SDF file          :  ex1__verilog.sdo
Sim dir               :  simulation\modelsim

=======================================================

Info: Starting NativeLink simulation with ModelSim-Altera software
Sourced NativeLink script c:/intelfpga_lite/18.1/quartus/common/tcl/internal/nativelink/modelsim.tcl
Probing transcript
ModelSim-Altera Info: # Reading C:/intelFPGA_lite/18.1/modelsim_ase/tcl/vsim/pref.tcl
ModelSim-Altera Info: # do ex1_run_msim_gate_verilog.do
ModelSim-Altera Info: # if {[file exists gate_work]} {
ModelSim-Altera Info: # 	vdel -lib gate_work -all
ModelSim-Altera Info: # }
ModelSim-Altera Info: # vlib gate_work
ModelSim-Altera Info: # vmap work gate_work
ModelSim-Altera Info: # Model Technology ModelSim - Intel FPGA Edition vmap 10.5b Lib Mapping Utility 2016.10 Oct  5 2016
ModelSim-Altera Info: # vmap work gate_work 
ModelSim-Altera Info: # Copying C:/intelFPGA_lite/18.1/modelsim_ase/win32aloem/../modelsim.ini to modelsim.ini
ModelSim-Altera Info: # Modifying modelsim.ini
ModelSim-Altera Info: # 
ModelSim-Altera Info: # vlog -vlog01compat -work work +incdir+. {ex1.vo}
ModelSim-Altera Info: # Model Technology ModelSim - Intel FPGA Edition vlog 10.5b Compiler 2016.10 Oct  5 2016
ModelSim-Altera Info: # Start time: 23:52:55 on Nov 05,2020
ModelSim-Altera Info: # vlog -reportprogress 300 -vlog01compat -work work "+incdir+." ex1.vo 
ModelSim-Altera Info: # -- Compiling module ex1
ModelSim-Altera Info: # -- Compiling module hard_block
ModelSim-Altera Info: # 
ModelSim-Altera Info: # Top level modules:
ModelSim-Altera Info: # 	ex1
ModelSim-Altera Info: # End time: 23:52:58 on Nov 05,2020, Elapsed time: 0:00:03
ModelSim-Altera Info: # Errors: 0, Warnings: 0
ModelSim-Altera Info: # 
ModelSim-Altera Info: # vlog -vlog01compat -work work +incdir+C:/Users/PC/Desktop/CA/week10/ex1 {C:/Users/PC/Desktop/CA/week10/ex1/half_adder_testbench.v}
ModelSim-Altera Info: # Model Technology ModelSim - Intel FPGA Edition vlog 10.5b Compiler 2016.10 Oct  5 2016
ModelSim-Altera Info: # Start time: 23:52:58 on Nov 05,2020
ModelSim-Altera Info: # vlog -reportprogress 300 -vlog01compat -work work "+incdir+C:/Users/PC/Desktop/CA/week10/ex1" C:/Users/PC/Desktop/CA/week10/ex1/half_adder_testbench.v 
ModelSim-Altera Info: # -- Compiling module half_adder_testbench
ModelSim-Altera Info: # 
ModelSim-Altera Info: # Top level modules:
ModelSim-Altera Info: # 	half_adder_testbench
ModelSim-Altera Info: # End time: 23:53:00 on Nov 05,2020, Elapsed time: 0:00:02
ModelSim-Altera Info: # Errors: 0, Warnings: 0
ModelSim-Altera Info: # vlog -vlog01compat -work work +incdir+C:/Users/PC/Desktop/CA/week10/ex1 {C:/Users/PC/Desktop/CA/week10/ex1/ex1.v}
ModelSim-Altera Info: # Model Technology ModelSim - Intel FPGA Edition vlog 10.5b Compiler 2016.10 Oct  5 2016
ModelSim-Altera Info: # Start time: 23:53:00 on Nov 05,2020
ModelSim-Altera Info: # vlog -reportprogress 300 -vlog01compat -work work "+incdir+C:/Users/PC/Desktop/CA/week10/ex1" C:/Users/PC/Desktop/CA/week10/ex1/ex1.v 
ModelSim-Altera Info: # -- Compiling module ex1
ModelSim-Altera Info: # 
ModelSim-Altera Info: # Top level modules:
ModelSim-Altera Info: # 	ex1
ModelSim-Altera Info: # End time: 23:53:02 on Nov 05,2020, Elapsed time: 0:00:02
ModelSim-Altera Info: # Errors: 0, Warnings: 0
ModelSim-Altera Info: # 
ModelSim-Altera Info: # vsim -t 1ps +transport_int_delays +transport_path_delays -L altera_ver -L altera_lnsim_ver -L fiftyfivenm_ver -L gate_work -L work -voptargs="+acc"  half_adder_testbench
ModelSim-Altera Info: # vsim -t 1ps "+transport_int_delays" "+transport_path_delays" -L altera_ver -L altera_lnsim_ver -L fiftyfivenm_ver -L gate_work -L work -voptargs=""+acc"" half_adder_testbench 
ModelSim-Altera Info: # Start time: 23:53:05 on Nov 05,2020
ModelSim-Altera Info: # Loading work.half_adder_testbench
ModelSim-Altera Info: # Loading work.ex1
ModelSim-Altera Info: # 
ModelSim-Altera Info: # do C:/Users/PC/Desktop/CA/week10/ex1/Tcl_script1.tcl
ModelSim-Altera Info: # add wave sim:/half_adder_testbench/*
ModelSim-Altera Info: # run -all
ModelSim-Altera Info: # a= 0 b = 1 sum = 1 carry = 0
ModelSim-Altera Info: # a= 1 b = 0 sum = 1 carry = 0
ModelSim-Altera Info: # a= 0 b = 0 sum = 0 carry = 0
ModelSim-Altera Info: # a= 1 b = 1 sum = 0 carry = 1
ModelSim-Altera Info: # wave zoom full
ModelSim-Altera Info: # 0 ps
ModelSim-Altera Info: # 16 ps
ModelSim-Altera Info: # End time: 23:54:06 on Nov 05,2020, Elapsed time: 0:01:01
ModelSim-Altera Info: # Errors: 0, Warnings: 0
Info: NativeLink simulation flow was successful
